<?xml version="1.0" encoding="UTF-8"?>
<testng-results skipped="0" failed="33" total="134" passed="101">
  <reporter-output>
    <line>
      <![CDATA[About to begin executing Suite Suite]]>
    </line>
    <line>
      <![CDATA[About to begin executing following method : BaseEngine.openBrowser]]>
    </line>
    <line>
      <![CDATA[Completed executing following method : BaseEngine.openBrowser]]>
    </line>
    <line>
      <![CDATA[About to begin executing Test Test]]>
    </line>
    <line>
      <![CDATA[About to begin executing following method : BaseEngine.intialiseReports]]>
    </line>
    <line>
      <![CDATA[Completed executing following method : BaseEngine.intialiseReports]]>
    </line>
    <line>
      <![CDATA[About to begin executing following method : BaseEngine.beforeMethodExecution]]>
    </line>
    <line>
      <![CDATA[Completed executing following method : BaseEngine.beforeMethodExecution]]>
    </line>
    <line>
      <![CDATA[About to begin executing following method : URLBrowserTest.verifyBrowserOpen]]>
    </line>
    <line>
      <![CDATA[Completed executing following method : URLBrowserTest.verifyBrowserOpen]]>
    </line>
    <line>
      <![CDATA[Test Method resides in com.focus.testcases.URLBrowserTest]]>
    </line>
    <line>
      <![CDATA[Test Status: Pass]]>
    </line>
    <line>
      <![CDATA[About to begin executing following method : BaseEngine.afterMethodExecution]]>
    </line>
    <line>
      <![CDATA[Completed executing following method : BaseEngine.afterMethodExecution]]>
    </line>
    <line>
      <![CDATA[About to begin executing following method : BaseEngine.beforeMethodExecution]]>
    </line>
    <line>
      <![CDATA[Completed executing following method : BaseEngine.beforeMethodExecution]]>
    </line>
    <line>
      <![CDATA[About to begin executing following method : URLBrowserTest.checkLoginPageTitleByURLInputInBrowser]]>
    </line>
    <line>
      <![CDATA[Completed executing following method : URLBrowserTest.checkLoginPageTitleByURLInputInBrowser]]>
    </line>
    <line>
      <![CDATA[Test Method resides in com.focus.testcases.URLBrowserTest]]>
    </line>
    <line>
      <![CDATA[Test Status: Pass]]>
    </line>
    <line>
      <![CDATA[About to begin executing following method : BaseEngine.afterMethodExecution]]>
    </line>
    <line>
      <![CDATA[Completed executing following method : BaseEngine.afterMethodExecution]]>
    </line>
    <line>
      <![CDATA[About to begin executing following method : BaseEngine.beforeMethodExecution]]>
    </line>
    <line>
      <![CDATA[Completed executing following method : BaseEngine.beforeMethodExecution]]>
    </line>
    <line>
      <![CDATA[About to begin executing following method : UserRestrictionsTest.checkRestoreCompany]]>
    </line>
    <line>
      <![CDATA[Completed executing following method : UserRestrictionsTest.checkRestoreCompany]]>
    </line>
    <line>
      <![CDATA[Test Method resides in com.focus.testcases.UserRestrictionsTest]]>
    </line>
    <line>
      <![CDATA[Test Status: Pass]]>
    </line>
    <line>
      <![CDATA[About to begin executing following method : BaseEngine.afterMethodExecution]]>
    </line>
    <line>
      <![CDATA[Completed executing following method : BaseEngine.afterMethodExecution]]>
    </line>
    <line>
      <![CDATA[About to begin executing following method : BaseEngine.beforeMethodExecution]]>
    </line>
    <line>
      <![CDATA[Completed executing following method : BaseEngine.beforeMethodExecution]]>
    </line>
    <line>
      <![CDATA[About to begin executing following method : UserRestrictionsTest.checkLogin]]>
    </line>
    <line>
      <![CDATA[Completed executing following method : UserRestrictionsTest.checkLogin]]>
    </line>
    <line>
      <![CDATA[Test Method resides in com.focus.testcases.UserRestrictionsTest]]>
    </line>
    <line>
      <![CDATA[Test Status: Pass]]>
    </line>
    <line>
      <![CDATA[About to begin executing following method : BaseEngine.afterMethodExecution]]>
    </line>
    <line>
      <![CDATA[Completed executing following method : BaseEngine.afterMethodExecution]]>
    </line>
    <line>
      <![CDATA[About to begin executing following method : BaseEngine.beforeMethodExecution]]>
    </line>
    <line>
      <![CDATA[Completed executing following method : BaseEngine.beforeMethodExecution]]>
    </line>
    <line>
      <![CDATA[About to begin executing following method : UserRestrictionsTest.checkValidateRestrictionsGivenInRERRoleInSu]]>
    </line>
    <line>
      <![CDATA[Completed executing following method : UserRestrictionsTest.checkValidateRestrictionsGivenInRERRoleInSu]]>
    </line>
    <line>
      <![CDATA[Test Method resides in com.focus.testcases.UserRestrictionsTest]]>
    </line>
    <line>
      <![CDATA[Test Status: Pass]]>
    </line>
    <line>
      <![CDATA[About to begin executing following method : BaseEngine.afterMethodExecution]]>
    </line>
    <line>
      <![CDATA[Completed executing following method : BaseEngine.afterMethodExecution]]>
    </line>
    <line>
      <![CDATA[About to begin executing following method : BaseEngine.beforeMethodExecution]]>
    </line>
    <line>
      <![CDATA[Completed executing following method : BaseEngine.beforeMethodExecution]]>
    </line>
    <line>
      <![CDATA[About to begin executing following method : UserRestrictionsTest.checkLoginWithERR]]>
    </line>
    <line>
      <![CDATA[Completed executing following method : UserRestrictionsTest.checkLoginWithERR]]>
    </line>
    <line>
      <![CDATA[Test Method resides in com.focus.testcases.UserRestrictionsTest]]>
    </line>
    <line>
      <![CDATA[Test Status: Pass]]>
    </line>
    <line>
      <![CDATA[About to begin executing following method : BaseEngine.afterMethodExecution]]>
    </line>
    <line>
      <![CDATA[Completed executing following method : BaseEngine.afterMethodExecution]]>
    </line>
    <line>
      <![CDATA[About to begin executing following method : BaseEngine.beforeMethodExecution]]>
    </line>
    <line>
      <![CDATA[Completed executing following method : BaseEngine.beforeMethodExecution]]>
    </line>
    <line>
      <![CDATA[About to begin executing following method : UserRestrictionsTest.checkAccountMasterWhetherShowingOnlyRestrictedAccountsInList]]>
    </line>
    <line>
      <![CDATA[Completed executing following method : UserRestrictionsTest.checkAccountMasterWhetherShowingOnlyRestrictedAccountsInList]]>
    </line>
    <line>
      <![CDATA[Test Method resides in com.focus.testcases.UserRestrictionsTest]]>
    </line>
    <line>
      <![CDATA[Test Status: Pass]]>
    </line>
    <line>
      <![CDATA[About to begin executing following method : BaseEngine.afterMethodExecution]]>
    </line>
    <line>
      <![CDATA[Completed executing following method : BaseEngine.afterMethodExecution]]>
    </line>
    <line>
      <![CDATA[About to begin executing following method : BaseEngine.beforeMethodExecution]]>
    </line>
    <line>
      <![CDATA[Completed executing following method : BaseEngine.beforeMethodExecution]]>
    </line>
    <line>
      <![CDATA[About to begin executing following method : UserRestrictionsTest.checkChildAccountsInsideTheGroupAccountsIndivdually]]>
    </line>
    <line>
      <![CDATA[Completed executing following method : UserRestrictionsTest.checkChildAccountsInsideTheGroupAccountsIndivdually]]>
    </line>
    <line>
      <![CDATA[Test Method resides in com.focus.testcases.UserRestrictionsTest]]>
    </line>
    <line>
      <![CDATA[Test Status: Pass]]>
    </line>
    <line>
      <![CDATA[About to begin executing following method : BaseEngine.afterMethodExecution]]>
    </line>
    <line>
      <![CDATA[Completed executing following method : BaseEngine.afterMethodExecution]]>
    </line>
    <line>
      <![CDATA[About to begin executing following method : BaseEngine.beforeMethodExecution]]>
    </line>
    <line>
      <![CDATA[Completed executing following method : BaseEngine.beforeMethodExecution]]>
    </line>
    <line>
      <![CDATA[About to begin executing following method : UserRestrictionsTest.checkSearchAccountsWhetherNonRestrictedAccountsAreDisplaying]]>
    </line>
    <line>
      <![CDATA[Completed executing following method : UserRestrictionsTest.checkSearchAccountsWhetherNonRestrictedAccountsAreDisplaying]]>
    </line>
    <line>
      <![CDATA[Test Method resides in com.focus.testcases.UserRestrictionsTest]]>
    </line>
    <line>
      <![CDATA[Test Status: Pass]]>
    </line>
    <line>
      <![CDATA[About to begin executing following method : BaseEngine.afterMethodExecution]]>
    </line>
    <line>
      <![CDATA[Completed executing following method : BaseEngine.afterMethodExecution]]>
    </line>
    <line>
      <![CDATA[About to begin executing following method : BaseEngine.beforeMethodExecution]]>
    </line>
    <line>
      <![CDATA[Completed executing following method : BaseEngine.beforeMethodExecution]]>
    </line>
    <line>
      <![CDATA[About to begin executing following method : UserRestrictionsTest.checkItemMasterWhetherShowingOnlyRestrictedItemsInList]]>
    </line>
    <line>
      <![CDATA[Completed executing following method : UserRestrictionsTest.checkItemMasterWhetherShowingOnlyRestrictedItemsInList]]>
    </line>
    <line>
      <![CDATA[Test Method resides in com.focus.testcases.UserRestrictionsTest]]>
    </line>
    <line>
      <![CDATA[Test Status: Failed]]>
    </line>
    <line>
      <![CDATA[About to begin executing following method : BaseEngine.afterMethodExecution]]>
    </line>
    <line>
      <![CDATA[Completed executing following method : BaseEngine.afterMethodExecution]]>
    </line>
    <line>
      <![CDATA[About to begin executing following method : BaseEngine.beforeMethodExecution]]>
    </line>
    <line>
      <![CDATA[Completed executing following method : BaseEngine.beforeMethodExecution]]>
    </line>
    <line>
      <![CDATA[About to begin executing following method : UserRestrictionsTest.checkSearchItemsWhetherNonRestrictedItemsAreDisplaying]]>
    </line>
    <line>
      <![CDATA[Completed executing following method : UserRestrictionsTest.checkSearchItemsWhetherNonRestrictedItemsAreDisplaying]]>
    </line>
    <line>
      <![CDATA[Test Method resides in com.focus.testcases.UserRestrictionsTest]]>
    </line>
    <line>
      <![CDATA[Test Status: Pass]]>
    </line>
    <line>
      <![CDATA[About to begin executing following method : BaseEngine.afterMethodExecution]]>
    </line>
    <line>
      <![CDATA[Completed executing following method : BaseEngine.afterMethodExecution]]>
    </line>
    <line>
      <![CDATA[About to begin executing following method : BaseEngine.beforeMethodExecution]]>
    </line>
    <line>
      <![CDATA[Completed executing following method : BaseEngine.beforeMethodExecution]]>
    </line>
    <line>
      <![CDATA[About to begin executing following method : UserRestrictionsTest.checkDepartmentMasterWhetherShowingOnlyRestrictedDepartmentInList]]>
    </line>
    <line>
      <![CDATA[Completed executing following method : UserRestrictionsTest.checkDepartmentMasterWhetherShowingOnlyRestrictedDepartmentInList]]>
    </line>
    <line>
      <![CDATA[Test Method resides in com.focus.testcases.UserRestrictionsTest]]>
    </line>
    <line>
      <![CDATA[Test Status: Pass]]>
    </line>
    <line>
      <![CDATA[About to begin executing following method : BaseEngine.afterMethodExecution]]>
    </line>
    <line>
      <![CDATA[Completed executing following method : BaseEngine.afterMethodExecution]]>
    </line>
    <line>
      <![CDATA[About to begin executing following method : BaseEngine.beforeMethodExecution]]>
    </line>
    <line>
      <![CDATA[Completed executing following method : BaseEngine.beforeMethodExecution]]>
    </line>
    <line>
      <![CDATA[About to begin executing following method : UserRestrictionsTest.checkSearchDepartmentWhetherNonRestrictedDepartmentsAreDisplaying]]>
    </line>
    <line>
      <![CDATA[Completed executing following method : UserRestrictionsTest.checkSearchDepartmentWhetherNonRestrictedDepartmentsAreDisplaying]]>
    </line>
    <line>
      <![CDATA[Test Method resides in com.focus.testcases.UserRestrictionsTest]]>
    </line>
    <line>
      <![CDATA[Test Status: Pass]]>
    </line>
    <line>
      <![CDATA[About to begin executing following method : BaseEngine.afterMethodExecution]]>
    </line>
    <line>
      <![CDATA[Completed executing following method : BaseEngine.afterMethodExecution]]>
    </line>
    <line>
      <![CDATA[About to begin executing following method : BaseEngine.beforeMethodExecution]]>
    </line>
    <line>
      <![CDATA[Completed executing following method : BaseEngine.beforeMethodExecution]]>
    </line>
    <line>
      <![CDATA[About to begin executing following method : UserRestrictionsTest.checkWarehouseMasterWhetherShowingOnlyRestrictedWarehouseInList]]>
    </line>
    <line>
      <![CDATA[Completed executing following method : UserRestrictionsTest.checkWarehouseMasterWhetherShowingOnlyRestrictedWarehouseInList]]>
    </line>
    <line>
      <![CDATA[Test Method resides in com.focus.testcases.UserRestrictionsTest]]>
    </line>
    <line>
      <![CDATA[Test Status: Failed]]>
    </line>
    <line>
      <![CDATA[About to begin executing following method : BaseEngine.afterMethodExecution]]>
    </line>
    <line>
      <![CDATA[Completed executing following method : BaseEngine.afterMethodExecution]]>
    </line>
    <line>
      <![CDATA[About to begin executing following method : BaseEngine.beforeMethodExecution]]>
    </line>
    <line>
      <![CDATA[Completed executing following method : BaseEngine.beforeMethodExecution]]>
    </line>
    <line>
      <![CDATA[About to begin executing following method : UserRestrictionsTest.checkSearchWarehouseWhetherNonRestrictedWarehousesAreDisplaying]]>
    </line>
    <line>
      <![CDATA[Completed executing following method : UserRestrictionsTest.checkSearchWarehouseWhetherNonRestrictedWarehousesAreDisplaying]]>
    </line>
    <line>
      <![CDATA[Test Method resides in com.focus.testcases.UserRestrictionsTest]]>
    </line>
    <line>
      <![CDATA[Test Status: Pass]]>
    </line>
    <line>
      <![CDATA[About to begin executing following method : BaseEngine.afterMethodExecution]]>
    </line>
    <line>
      <![CDATA[Completed executing following method : BaseEngine.afterMethodExecution]]>
    </line>
    <line>
      <![CDATA[About to begin executing following method : BaseEngine.beforeMethodExecution]]>
    </line>
    <line>
      <![CDATA[Completed executing following method : BaseEngine.beforeMethodExecution]]>
    </line>
    <line>
      <![CDATA[About to begin executing following method : UserRestrictionsTest.checkBranchMasterWhetherShowingOnlyRestrictedBranchInList]]>
    </line>
    <line>
      <![CDATA[Completed executing following method : UserRestrictionsTest.checkBranchMasterWhetherShowingOnlyRestrictedBranchInList]]>
    </line>
    <line>
      <![CDATA[Test Method resides in com.focus.testcases.UserRestrictionsTest]]>
    </line>
    <line>
      <![CDATA[Test Status: Pass]]>
    </line>
    <line>
      <![CDATA[About to begin executing following method : BaseEngine.afterMethodExecution]]>
    </line>
    <line>
      <![CDATA[Completed executing following method : BaseEngine.afterMethodExecution]]>
    </line>
    <line>
      <![CDATA[About to begin executing following method : BaseEngine.beforeMethodExecution]]>
    </line>
    <line>
      <![CDATA[Completed executing following method : BaseEngine.beforeMethodExecution]]>
    </line>
    <line>
      <![CDATA[About to begin executing following method : UserRestrictionsTest.checkPurchaseVoucherHomePageMastersList]]>
    </line>
    <line>
      <![CDATA[Completed executing following method : UserRestrictionsTest.checkPurchaseVoucherHomePageMastersList]]>
    </line>
    <line>
      <![CDATA[Test Method resides in com.focus.testcases.UserRestrictionsTest]]>
    </line>
    <line>
      <![CDATA[Test Status: Failed]]>
    </line>
    <line>
      <![CDATA[About to begin executing following method : BaseEngine.afterMethodExecution]]>
    </line>
    <line>
      <![CDATA[Completed executing following method : BaseEngine.afterMethodExecution]]>
    </line>
    <line>
      <![CDATA[About to begin executing following method : BaseEngine.beforeMethodExecution]]>
    </line>
    <line>
      <![CDATA[Completed executing following method : BaseEngine.beforeMethodExecution]]>
    </line>
    <line>
      <![CDATA[About to begin executing following method : UserRestrictionsTest.checkPurchasesVoucherForAllTheMastersListInMastersDropdown]]>
    </line>
    <line>
      <![CDATA[Completed executing following method : UserRestrictionsTest.checkPurchasesVoucherForAllTheMastersListInMastersDropdown]]>
    </line>
    <line>
      <![CDATA[Test Method resides in com.focus.testcases.UserRestrictionsTest]]>
    </line>
    <line>
      <![CDATA[Test Status: Pass]]>
    </line>
    <line>
      <![CDATA[About to begin executing following method : BaseEngine.afterMethodExecution]]>
    </line>
    <line>
      <![CDATA[Completed executing following method : BaseEngine.afterMethodExecution]]>
    </line>
    <line>
      <![CDATA[About to begin executing following method : BaseEngine.beforeMethodExecution]]>
    </line>
    <line>
      <![CDATA[Completed executing following method : BaseEngine.beforeMethodExecution]]>
    </line>
    <line>
      <![CDATA[About to begin executing following method : UserRestrictionsTest.checkSalesInvoiceVoucherHomePgaeMastersList]]>
    </line>
    <line>
      <![CDATA[Completed executing following method : UserRestrictionsTest.checkSalesInvoiceVoucherHomePgaeMastersList]]>
    </line>
    <line>
      <![CDATA[Test Method resides in com.focus.testcases.UserRestrictionsTest]]>
    </line>
    <line>
      <![CDATA[Test Status: Pass]]>
    </line>
    <line>
      <![CDATA[About to begin executing following method : BaseEngine.afterMethodExecution]]>
    </line>
    <line>
      <![CDATA[Completed executing following method : BaseEngine.afterMethodExecution]]>
    </line>
    <line>
      <![CDATA[About to begin executing following method : BaseEngine.beforeMethodExecution]]>
    </line>
    <line>
      <![CDATA[Completed executing following method : BaseEngine.beforeMethodExecution]]>
    </line>
    <line>
      <![CDATA[About to begin executing following method : UserRestrictionsTest.checkMastersListInSalesInvoices]]>
    </line>
    <line>
      <![CDATA[Completed executing following method : UserRestrictionsTest.checkMastersListInSalesInvoices]]>
    </line>
    <line>
      <![CDATA[Test Method resides in com.focus.testcases.UserRestrictionsTest]]>
    </line>
    <line>
      <![CDATA[Test Status: Pass]]>
    </line>
    <line>
      <![CDATA[About to begin executing following method : BaseEngine.afterMethodExecution]]>
    </line>
    <line>
      <![CDATA[Completed executing following method : BaseEngine.afterMethodExecution]]>
    </line>
    <line>
      <![CDATA[About to begin executing following method : BaseEngine.beforeMethodExecution]]>
    </line>
    <line>
      <![CDATA[Completed executing following method : BaseEngine.beforeMethodExecution]]>
    </line>
    <line>
      <![CDATA[About to begin executing following method : UserRestrictionsTest.checkPaymentsVoucherHomePageMastersList]]>
    </line>
    <line>
      <![CDATA[Completed executing following method : UserRestrictionsTest.checkPaymentsVoucherHomePageMastersList]]>
    </line>
    <line>
      <![CDATA[Test Method resides in com.focus.testcases.UserRestrictionsTest]]>
    </line>
    <line>
      <![CDATA[Test Status: Pass]]>
    </line>
    <line>
      <![CDATA[About to begin executing following method : BaseEngine.afterMethodExecution]]>
    </line>
    <line>
      <![CDATA[Completed executing following method : BaseEngine.afterMethodExecution]]>
    </line>
    <line>
      <![CDATA[About to begin executing following method : BaseEngine.beforeMethodExecution]]>
    </line>
    <line>
      <![CDATA[Completed executing following method : BaseEngine.beforeMethodExecution]]>
    </line>
    <line>
      <![CDATA[About to begin executing following method : UserRestrictionsTest.checkMastersListInPayments]]>
    </line>
    <line>
      <![CDATA[Completed executing following method : UserRestrictionsTest.checkMastersListInPayments]]>
    </line>
    <line>
      <![CDATA[Test Method resides in com.focus.testcases.UserRestrictionsTest]]>
    </line>
    <line>
      <![CDATA[Test Status: Pass]]>
    </line>
    <line>
      <![CDATA[About to begin executing following method : BaseEngine.afterMethodExecution]]>
    </line>
    <line>
      <![CDATA[Completed executing following method : BaseEngine.afterMethodExecution]]>
    </line>
    <line>
      <![CDATA[About to begin executing following method : BaseEngine.beforeMethodExecution]]>
    </line>
    <line>
      <![CDATA[Completed executing following method : BaseEngine.beforeMethodExecution]]>
    </line>
    <line>
      <![CDATA[About to begin executing following method : UserRestrictionsTest.checkReceiptsHomePageMasterList]]>
    </line>
    <line>
      <![CDATA[Completed executing following method : UserRestrictionsTest.checkReceiptsHomePageMasterList]]>
    </line>
    <line>
      <![CDATA[Test Method resides in com.focus.testcases.UserRestrictionsTest]]>
    </line>
    <line>
      <![CDATA[Test Status: Pass]]>
    </line>
    <line>
      <![CDATA[About to begin executing following method : BaseEngine.afterMethodExecution]]>
    </line>
    <line>
      <![CDATA[Completed executing following method : BaseEngine.afterMethodExecution]]>
    </line>
    <line>
      <![CDATA[About to begin executing following method : BaseEngine.beforeMethodExecution]]>
    </line>
    <line>
      <![CDATA[Completed executing following method : BaseEngine.beforeMethodExecution]]>
    </line>
    <line>
      <![CDATA[About to begin executing following method : UserRestrictionsTest.checkMasterInReceipts]]>
    </line>
    <line>
      <![CDATA[Completed executing following method : UserRestrictionsTest.checkMasterInReceipts]]>
    </line>
    <line>
      <![CDATA[Test Method resides in com.focus.testcases.UserRestrictionsTest]]>
    </line>
    <line>
      <![CDATA[Test Status: Pass]]>
    </line>
    <line>
      <![CDATA[About to begin executing following method : BaseEngine.afterMethodExecution]]>
    </line>
    <line>
      <![CDATA[Completed executing following method : BaseEngine.afterMethodExecution]]>
    </line>
    <line>
      <![CDATA[About to begin executing following method : BaseEngine.beforeMethodExecution]]>
    </line>
    <line>
      <![CDATA[Completed executing following method : BaseEngine.beforeMethodExecution]]>
    </line>
    <line>
      <![CDATA[About to begin executing following method : FocusInventoryReportsTest.checkItemQueryReport]]>
    </line>
    <line>
      <![CDATA[Completed executing following method : FocusInventoryReportsTest.checkItemQueryReport]]>
    </line>
    <line>
      <![CDATA[Test Method resides in com.focus.testcases.FocusInventoryReportsTest]]>
    </line>
    <line>
      <![CDATA[Test Status: Pass]]>
    </line>
    <line>
      <![CDATA[About to begin executing following method : BaseEngine.afterMethodExecution]]>
    </line>
    <line>
      <![CDATA[Completed executing following method : BaseEngine.afterMethodExecution]]>
    </line>
    <line>
      <![CDATA[About to begin executing following method : BaseEngine.beforeMethodExecution]]>
    </line>
    <line>
      <![CDATA[Completed executing following method : BaseEngine.beforeMethodExecution]]>
    </line>
    <line>
      <![CDATA[About to begin executing following method : FocusInventoryReportsTest.checkStockLedgerReport]]>
    </line>
    <line>
      <![CDATA[Completed executing following method : FocusInventoryReportsTest.checkStockLedgerReport]]>
    </line>
    <line>
      <![CDATA[Test Method resides in com.focus.testcases.FocusInventoryReportsTest]]>
    </line>
    <line>
      <![CDATA[Test Status: Pass]]>
    </line>
    <line>
      <![CDATA[About to begin executing following method : BaseEngine.afterMethodExecution]]>
    </line>
    <line>
      <![CDATA[Completed executing following method : BaseEngine.afterMethodExecution]]>
    </line>
    <line>
      <![CDATA[About to begin executing following method : BaseEngine.beforeMethodExecution]]>
    </line>
    <line>
      <![CDATA[Completed executing following method : BaseEngine.beforeMethodExecution]]>
    </line>
    <line>
      <![CDATA[About to begin executing following method : FocusInventoryReportsTest.checkFilterInStockLedger]]>
    </line>
    <line>
      <![CDATA[Completed executing following method : FocusInventoryReportsTest.checkFilterInStockLedger]]>
    </line>
    <line>
      <![CDATA[Test Method resides in com.focus.testcases.FocusInventoryReportsTest]]>
    </line>
    <line>
      <![CDATA[Test Status: Failed]]>
    </line>
    <line>
      <![CDATA[About to begin executing following method : BaseEngine.afterMethodExecution]]>
    </line>
    <line>
      <![CDATA[Completed executing following method : BaseEngine.afterMethodExecution]]>
    </line>
    <line>
      <![CDATA[About to begin executing following method : BaseEngine.beforeMethodExecution]]>
    </line>
    <line>
      <![CDATA[Completed executing following method : BaseEngine.beforeMethodExecution]]>
    </line>
    <line>
      <![CDATA[About to begin executing following method : FocusInventoryReportsTest.checkOpeningStockRegisterReport]]>
    </line>
    <line>
      <![CDATA[Completed executing following method : FocusInventoryReportsTest.checkOpeningStockRegisterReport]]>
    </line>
    <line>
      <![CDATA[Test Method resides in com.focus.testcases.FocusInventoryReportsTest]]>
    </line>
    <line>
      <![CDATA[Test Status: Pass]]>
    </line>
    <line>
      <![CDATA[About to begin executing following method : BaseEngine.afterMethodExecution]]>
    </line>
    <line>
      <![CDATA[Completed executing following method : BaseEngine.afterMethodExecution]]>
    </line>
    <line>
      <![CDATA[About to begin executing following method : BaseEngine.beforeMethodExecution]]>
    </line>
    <line>
      <![CDATA[Completed executing following method : BaseEngine.beforeMethodExecution]]>
    </line>
    <line>
      <![CDATA[About to begin executing following method : FocusInventoryReportsTest.checkStockStatementReport]]>
    </line>
    <line>
      <![CDATA[Completed executing following method : FocusInventoryReportsTest.checkStockStatementReport]]>
    </line>
    <line>
      <![CDATA[Test Method resides in com.focus.testcases.FocusInventoryReportsTest]]>
    </line>
    <line>
      <![CDATA[Test Status: Pass]]>
    </line>
    <line>
      <![CDATA[About to begin executing following method : BaseEngine.afterMethodExecution]]>
    </line>
    <line>
      <![CDATA[Completed executing following method : BaseEngine.afterMethodExecution]]>
    </line>
    <line>
      <![CDATA[About to begin executing following method : BaseEngine.beforeMethodExecution]]>
    </line>
    <line>
      <![CDATA[Completed executing following method : BaseEngine.beforeMethodExecution]]>
    </line>
    <line>
      <![CDATA[About to begin executing following method : FocusInventoryReportsTest.checkPrintOptionInStockStatements]]>
    </line>
    <line>
      <![CDATA[Completed executing following method : FocusInventoryReportsTest.checkPrintOptionInStockStatements]]>
    </line>
    <line>
      <![CDATA[Test Method resides in com.focus.testcases.FocusInventoryReportsTest]]>
    </line>
    <line>
      <![CDATA[Test Status: Pass]]>
    </line>
    <line>
      <![CDATA[About to begin executing following method : BaseEngine.afterMethodExecution]]>
    </line>
    <line>
      <![CDATA[Completed executing following method : BaseEngine.afterMethodExecution]]>
    </line>
    <line>
      <![CDATA[About to begin executing following method : BaseEngine.beforeMethodExecution]]>
    </line>
    <line>
      <![CDATA[Completed executing following method : BaseEngine.beforeMethodExecution]]>
    </line>
    <line>
      <![CDATA[About to begin executing following method : FocusInventoryReportsTest.checkStockMovementReport]]>
    </line>
    <line>
      <![CDATA[Completed executing following method : FocusInventoryReportsTest.checkStockMovementReport]]>
    </line>
    <line>
      <![CDATA[Test Method resides in com.focus.testcases.FocusInventoryReportsTest]]>
    </line>
    <line>
      <![CDATA[Test Status: Pass]]>
    </line>
    <line>
      <![CDATA[About to begin executing following method : BaseEngine.afterMethodExecution]]>
    </line>
    <line>
      <![CDATA[Completed executing following method : BaseEngine.afterMethodExecution]]>
    </line>
    <line>
      <![CDATA[About to begin executing following method : BaseEngine.beforeMethodExecution]]>
    </line>
    <line>
      <![CDATA[Completed executing following method : BaseEngine.beforeMethodExecution]]>
    </line>
    <line>
      <![CDATA[About to begin executing following method : FocusInventoryReportsTest.checkVirtualStockAnalysisReport]]>
    </line>
    <line>
      <![CDATA[Completed executing following method : FocusInventoryReportsTest.checkVirtualStockAnalysisReport]]>
    </line>
    <line>
      <![CDATA[Test Method resides in com.focus.testcases.FocusInventoryReportsTest]]>
    </line>
    <line>
      <![CDATA[Test Status: Pass]]>
    </line>
    <line>
      <![CDATA[About to begin executing following method : BaseEngine.afterMethodExecution]]>
    </line>
    <line>
      <![CDATA[Completed executing following method : BaseEngine.afterMethodExecution]]>
    </line>
    <line>
      <![CDATA[About to begin executing following method : BaseEngine.beforeMethodExecution]]>
    </line>
    <line>
      <![CDATA[Completed executing following method : BaseEngine.beforeMethodExecution]]>
    </line>
    <line>
      <![CDATA[About to begin executing following method : FocusInventoryReportsTest.checkStockValuationReportByProduct]]>
    </line>
    <line>
      <![CDATA[Completed executing following method : FocusInventoryReportsTest.checkStockValuationReportByProduct]]>
    </line>
    <line>
      <![CDATA[Test Method resides in com.focus.testcases.FocusInventoryReportsTest]]>
    </line>
    <line>
      <![CDATA[Test Status: Pass]]>
    </line>
    <line>
      <![CDATA[About to begin executing following method : BaseEngine.afterMethodExecution]]>
    </line>
    <line>
      <![CDATA[Completed executing following method : BaseEngine.afterMethodExecution]]>
    </line>
    <line>
      <![CDATA[About to begin executing following method : BaseEngine.beforeMethodExecution]]>
    </line>
    <line>
      <![CDATA[Completed executing following method : BaseEngine.beforeMethodExecution]]>
    </line>
    <line>
      <![CDATA[About to begin executing following method : FocusInventoryReportsTest.checkStockValuationReportByProductByInventoryTag]]>
    </line>
    <line>
      <![CDATA[Completed executing following method : FocusInventoryReportsTest.checkStockValuationReportByProductByInventoryTag]]>
    </line>
    <line>
      <![CDATA[Test Method resides in com.focus.testcases.FocusInventoryReportsTest]]>
    </line>
    <line>
      <![CDATA[Test Status: Pass]]>
    </line>
    <line>
      <![CDATA[About to begin executing following method : BaseEngine.afterMethodExecution]]>
    </line>
    <line>
      <![CDATA[Completed executing following method : BaseEngine.afterMethodExecution]]>
    </line>
    <line>
      <![CDATA[About to begin executing following method : BaseEngine.beforeMethodExecution]]>
    </line>
    <line>
      <![CDATA[Completed executing following method : BaseEngine.beforeMethodExecution]]>
    </line>
    <line>
      <![CDATA[About to begin executing following method : FocusInventoryReportsTest.checkStockValuationReportByInventoryByProduct]]>
    </line>
    <line>
      <![CDATA[Completed executing following method : FocusInventoryReportsTest.checkStockValuationReportByInventoryByProduct]]>
    </line>
    <line>
      <![CDATA[Test Method resides in com.focus.testcases.FocusInventoryReportsTest]]>
    </line>
    <line>
      <![CDATA[Test Status: Pass]]>
    </line>
    <line>
      <![CDATA[About to begin executing following method : BaseEngine.afterMethodExecution]]>
    </line>
    <line>
      <![CDATA[Completed executing following method : BaseEngine.afterMethodExecution]]>
    </line>
    <line>
      <![CDATA[About to begin executing following method : BaseEngine.beforeMethodExecution]]>
    </line>
    <line>
      <![CDATA[Completed executing following method : BaseEngine.beforeMethodExecution]]>
    </line>
    <line>
      <![CDATA[About to begin executing following method : FocusInventoryReportsTest.checkStockReprtByTagReport]]>
    </line>
    <line>
      <![CDATA[Completed executing following method : FocusInventoryReportsTest.checkStockReprtByTagReport]]>
    </line>
    <line>
      <![CDATA[Test Method resides in com.focus.testcases.FocusInventoryReportsTest]]>
    </line>
    <line>
      <![CDATA[Test Status: Pass]]>
    </line>
    <line>
      <![CDATA[About to begin executing following method : BaseEngine.afterMethodExecution]]>
    </line>
    <line>
      <![CDATA[Completed executing following method : BaseEngine.afterMethodExecution]]>
    </line>
    <line>
      <![CDATA[About to begin executing following method : BaseEngine.beforeMethodExecution]]>
    </line>
    <line>
      <![CDATA[Completed executing following method : BaseEngine.beforeMethodExecution]]>
    </line>
    <line>
      <![CDATA[About to begin executing following method : FocusInventoryReportsTest.checkStockValuationByFATagReport]]>
    </line>
    <line>
      <![CDATA[Completed executing following method : FocusInventoryReportsTest.checkStockValuationByFATagReport]]>
    </line>
    <line>
      <![CDATA[Test Method resides in com.focus.testcases.FocusInventoryReportsTest]]>
    </line>
    <line>
      <![CDATA[Test Status: Pass]]>
    </line>
    <line>
      <![CDATA[About to begin executing following method : BaseEngine.afterMethodExecution]]>
    </line>
    <line>
      <![CDATA[Completed executing following method : BaseEngine.afterMethodExecution]]>
    </line>
    <line>
      <![CDATA[About to begin executing following method : BaseEngine.beforeMethodExecution]]>
    </line>
    <line>
      <![CDATA[Completed executing following method : BaseEngine.beforeMethodExecution]]>
    </line>
    <line>
      <![CDATA[About to begin executing following method : FocusInventoryReportsTest.checkABCAnalysisReport]]>
    </line>
    <line>
      <![CDATA[Completed executing following method : FocusInventoryReportsTest.checkABCAnalysisReport]]>
    </line>
    <line>
      <![CDATA[Test Method resides in com.focus.testcases.FocusInventoryReportsTest]]>
    </line>
    <line>
      <![CDATA[Test Status: Pass]]>
    </line>
    <line>
      <![CDATA[About to begin executing following method : BaseEngine.afterMethodExecution]]>
    </line>
    <line>
      <![CDATA[Completed executing following method : BaseEngine.afterMethodExecution]]>
    </line>
    <line>
      <![CDATA[About to begin executing following method : BaseEngine.beforeMethodExecution]]>
    </line>
    <line>
      <![CDATA[Completed executing following method : BaseEngine.beforeMethodExecution]]>
    </line>
    <line>
      <![CDATA[About to begin executing following method : FocusInventoryReportsTest.checkStockAnalysisByBatchReport]]>
    </line>
    <line>
      <![CDATA[Completed executing following method : FocusInventoryReportsTest.checkStockAnalysisByBatchReport]]>
    </line>
    <line>
      <![CDATA[Test Method resides in com.focus.testcases.FocusInventoryReportsTest]]>
    </line>
    <line>
      <![CDATA[Test Status: Pass]]>
    </line>
    <line>
      <![CDATA[About to begin executing following method : BaseEngine.afterMethodExecution]]>
    </line>
    <line>
      <![CDATA[Completed executing following method : BaseEngine.afterMethodExecution]]>
    </line>
    <line>
      <![CDATA[About to begin executing following method : BaseEngine.beforeMethodExecution]]>
    </line>
    <line>
      <![CDATA[Completed executing following method : BaseEngine.beforeMethodExecution]]>
    </line>
    <line>
      <![CDATA[About to begin executing following method : FocusInventoryReportsTest.checkStockAnalysisByRMAReport]]>
    </line>
    <line>
      <![CDATA[Completed executing following method : FocusInventoryReportsTest.checkStockAnalysisByRMAReport]]>
    </line>
    <line>
      <![CDATA[Test Method resides in com.focus.testcases.FocusInventoryReportsTest]]>
    </line>
    <line>
      <![CDATA[Test Status: Pass]]>
    </line>
    <line>
      <![CDATA[About to begin executing following method : BaseEngine.afterMethodExecution]]>
    </line>
    <line>
      <![CDATA[Completed executing following method : BaseEngine.afterMethodExecution]]>
    </line>
    <line>
      <![CDATA[About to begin executing following method : BaseEngine.beforeMethodExecution]]>
    </line>
    <line>
      <![CDATA[Completed executing following method : BaseEngine.beforeMethodExecution]]>
    </line>
    <line>
      <![CDATA[About to begin executing following method : FocusInventoryReportsTest.checkStockDetailsByBins]]>
    </line>
    <line>
      <![CDATA[Completed executing following method : FocusInventoryReportsTest.checkStockDetailsByBins]]>
    </line>
    <line>
      <![CDATA[Test Method resides in com.focus.testcases.FocusInventoryReportsTest]]>
    </line>
    <line>
      <![CDATA[Test Status: Pass]]>
    </line>
    <line>
      <![CDATA[About to begin executing following method : BaseEngine.afterMethodExecution]]>
    </line>
    <line>
      <![CDATA[Completed executing following method : BaseEngine.afterMethodExecution]]>
    </line>
    <line>
      <![CDATA[About to begin executing following method : BaseEngine.beforeMethodExecution]]>
    </line>
    <line>
      <![CDATA[Completed executing following method : BaseEngine.beforeMethodExecution]]>
    </line>
    <line>
      <![CDATA[About to begin executing following method : FocusInventoryReportsTest.checkStockBlanceByBinsReport]]>
    </line>
    <line>
      <![CDATA[Completed executing following method : FocusInventoryReportsTest.checkStockBlanceByBinsReport]]>
    </line>
    <line>
      <![CDATA[Test Method resides in com.focus.testcases.FocusInventoryReportsTest]]>
    </line>
    <line>
      <![CDATA[Test Status: Pass]]>
    </line>
    <line>
      <![CDATA[About to begin executing following method : BaseEngine.afterMethodExecution]]>
    </line>
    <line>
      <![CDATA[Completed executing following method : BaseEngine.afterMethodExecution]]>
    </line>
    <line>
      <![CDATA[About to begin executing following method : BaseEngine.beforeMethodExecution]]>
    </line>
    <line>
      <![CDATA[Completed executing following method : BaseEngine.beforeMethodExecution]]>
    </line>
    <line>
      <![CDATA[About to begin executing following method : FocusInventoryReportsTest.checkStockBalanceByItemsByBinsReport]]>
    </line>
    <line>
      <![CDATA[Completed executing following method : FocusInventoryReportsTest.checkStockBalanceByItemsByBinsReport]]>
    </line>
    <line>
      <![CDATA[Test Method resides in com.focus.testcases.FocusInventoryReportsTest]]>
    </line>
    <line>
      <![CDATA[Test Status: Pass]]>
    </line>
    <line>
      <![CDATA[About to begin executing following method : BaseEngine.afterMethodExecution]]>
    </line>
    <line>
      <![CDATA[Completed executing following method : BaseEngine.afterMethodExecution]]>
    </line>
    <line>
      <![CDATA[About to begin executing following method : BaseEngine.beforeMethodExecution]]>
    </line>
    <line>
      <![CDATA[Completed executing following method : BaseEngine.beforeMethodExecution]]>
    </line>
    <line>
      <![CDATA[About to begin executing following method : FocusInventoryReportsTest.checkExpiredStockByBinsReports]]>
    </line>
    <line>
      <![CDATA[Completed executing following method : FocusInventoryReportsTest.checkExpiredStockByBinsReports]]>
    </line>
    <line>
      <![CDATA[Test Method resides in com.focus.testcases.FocusInventoryReportsTest]]>
    </line>
    <line>
      <![CDATA[Test Status: Pass]]>
    </line>
    <line>
      <![CDATA[About to begin executing following method : BaseEngine.afterMethodExecution]]>
    </line>
    <line>
      <![CDATA[Completed executing following method : BaseEngine.afterMethodExecution]]>
    </line>
    <line>
      <![CDATA[About to begin executing following method : BaseEngine.beforeMethodExecution]]>
    </line>
    <line>
      <![CDATA[Completed executing following method : BaseEngine.beforeMethodExecution]]>
    </line>
    <line>
      <![CDATA[About to begin executing following method : FocusInventoryReportsTest.checkStockBalanceByWarehouse]]>
    </line>
    <line>
      <![CDATA[Completed executing following method : FocusInventoryReportsTest.checkStockBalanceByWarehouse]]>
    </line>
    <line>
      <![CDATA[Test Method resides in com.focus.testcases.FocusInventoryReportsTest]]>
    </line>
    <line>
      <![CDATA[Test Status: Pass]]>
    </line>
    <line>
      <![CDATA[About to begin executing following method : BaseEngine.afterMethodExecution]]>
    </line>
    <line>
      <![CDATA[Completed executing following method : BaseEngine.afterMethodExecution]]>
    </line>
    <line>
      <![CDATA[About to begin executing following method : BaseEngine.beforeMethodExecution]]>
    </line>
    <line>
      <![CDATA[Completed executing following method : BaseEngine.beforeMethodExecution]]>
    </line>
    <line>
      <![CDATA[About to begin executing following method : FocusInventoryReportsTest.checkAgeingAnalysisByBatchReport]]>
    </line>
    <line>
      <![CDATA[Completed executing following method : FocusInventoryReportsTest.checkAgeingAnalysisByBatchReport]]>
    </line>
    <line>
      <![CDATA[Test Method resides in com.focus.testcases.FocusInventoryReportsTest]]>
    </line>
    <line>
      <![CDATA[Test Status: Pass]]>
    </line>
    <line>
      <![CDATA[About to begin executing following method : BaseEngine.afterMethodExecution]]>
    </line>
    <line>
      <![CDATA[Completed executing following method : BaseEngine.afterMethodExecution]]>
    </line>
    <line>
      <![CDATA[About to begin executing following method : BaseEngine.beforeMethodExecution]]>
    </line>
    <line>
      <![CDATA[Completed executing following method : BaseEngine.beforeMethodExecution]]>
    </line>
    <line>
      <![CDATA[About to begin executing following method : FocusInventoryReportsTest.checkStockAgeingAnalysisByRMAReport]]>
    </line>
    <line>
      <![CDATA[Completed executing following method : FocusInventoryReportsTest.checkStockAgeingAnalysisByRMAReport]]>
    </line>
    <line>
      <![CDATA[Test Method resides in com.focus.testcases.FocusInventoryReportsTest]]>
    </line>
    <line>
      <![CDATA[Test Status: Failed]]>
    </line>
    <line>
      <![CDATA[About to begin executing following method : BaseEngine.afterMethodExecution]]>
    </line>
    <line>
      <![CDATA[Completed executing following method : BaseEngine.afterMethodExecution]]>
    </line>
    <line>
      <![CDATA[About to begin executing following method : BaseEngine.beforeMethodExecution]]>
    </line>
    <line>
      <![CDATA[Completed executing following method : BaseEngine.beforeMethodExecution]]>
    </line>
    <line>
      <![CDATA[About to begin executing following method : FocusInventoryReportsTest.checkFastMovingItemsReport]]>
    </line>
    <line>
      <![CDATA[Completed executing following method : FocusInventoryReportsTest.checkFastMovingItemsReport]]>
    </line>
    <line>
      <![CDATA[Test Method resides in com.focus.testcases.FocusInventoryReportsTest]]>
    </line>
    <line>
      <![CDATA[Test Status: Pass]]>
    </line>
    <line>
      <![CDATA[About to begin executing following method : BaseEngine.afterMethodExecution]]>
    </line>
    <line>
      <![CDATA[Completed executing following method : BaseEngine.afterMethodExecution]]>
    </line>
    <line>
      <![CDATA[About to begin executing following method : BaseEngine.beforeMethodExecution]]>
    </line>
    <line>
      <![CDATA[Completed executing following method : BaseEngine.beforeMethodExecution]]>
    </line>
    <line>
      <![CDATA[About to begin executing following method : FocusInventoryReportsTest.checkSlowMovingItemsReport]]>
    </line>
    <line>
      <![CDATA[Completed executing following method : FocusInventoryReportsTest.checkSlowMovingItemsReport]]>
    </line>
    <line>
      <![CDATA[Test Method resides in com.focus.testcases.FocusInventoryReportsTest]]>
    </line>
    <line>
      <![CDATA[Test Status: Pass]]>
    </line>
    <line>
      <![CDATA[About to begin executing following method : BaseEngine.afterMethodExecution]]>
    </line>
    <line>
      <![CDATA[Completed executing following method : BaseEngine.afterMethodExecution]]>
    </line>
    <line>
      <![CDATA[About to begin executing following method : BaseEngine.beforeMethodExecution]]>
    </line>
    <line>
      <![CDATA[Completed executing following method : BaseEngine.beforeMethodExecution]]>
    </line>
    <line>
      <![CDATA[About to begin executing following method : FocusInventoryReportsTest.checkPeakAndLowBlancesReport]]>
    </line>
    <line>
      <![CDATA[Completed executing following method : FocusInventoryReportsTest.checkPeakAndLowBlancesReport]]>
    </line>
    <line>
      <![CDATA[Test Method resides in com.focus.testcases.FocusInventoryReportsTest]]>
    </line>
    <line>
      <![CDATA[Test Status: Pass]]>
    </line>
    <line>
      <![CDATA[About to begin executing following method : BaseEngine.afterMethodExecution]]>
    </line>
    <line>
      <![CDATA[Completed executing following method : BaseEngine.afterMethodExecution]]>
    </line>
    <line>
      <![CDATA[About to begin executing following method : BaseEngine.beforeMethodExecution]]>
    </line>
    <line>
      <![CDATA[Completed executing following method : BaseEngine.beforeMethodExecution]]>
    </line>
    <line>
      <![CDATA[About to begin executing following method : FocusInventoryReportsTest.checkBestSellingItemReport]]>
    </line>
    <line>
      <![CDATA[Completed executing following method : FocusInventoryReportsTest.checkBestSellingItemReport]]>
    </line>
    <line>
      <![CDATA[Test Method resides in com.focus.testcases.FocusInventoryReportsTest]]>
    </line>
    <line>
      <![CDATA[Test Status: Pass]]>
    </line>
    <line>
      <![CDATA[About to begin executing following method : BaseEngine.afterMethodExecution]]>
    </line>
    <line>
      <![CDATA[Completed executing following method : BaseEngine.afterMethodExecution]]>
    </line>
    <line>
      <![CDATA[About to begin executing following method : BaseEngine.beforeMethodExecution]]>
    </line>
    <line>
      <![CDATA[Completed executing following method : BaseEngine.beforeMethodExecution]]>
    </line>
    <line>
      <![CDATA[About to begin executing following method : FocusInventoryReportsTest.checkStockTransferRegisterReport]]>
    </line>
    <line>
      <![CDATA[Completed executing following method : FocusInventoryReportsTest.checkStockTransferRegisterReport]]>
    </line>
    <line>
      <![CDATA[Test Method resides in com.focus.testcases.FocusInventoryReportsTest]]>
    </line>
    <line>
      <![CDATA[Test Status: Pass]]>
    </line>
    <line>
      <![CDATA[About to begin executing following method : BaseEngine.afterMethodExecution]]>
    </line>
    <line>
      <![CDATA[Completed executing following method : BaseEngine.afterMethodExecution]]>
    </line>
    <line>
      <![CDATA[About to begin executing following method : BaseEngine.beforeMethodExecution]]>
    </line>
    <line>
      <![CDATA[Completed executing following method : BaseEngine.beforeMethodExecution]]>
    </line>
    <line>
      <![CDATA[About to begin executing following method : FocusInventoryReportsTest.checkTransactionTypeWiseStockReport]]>
    </line>
    <line>
      <![CDATA[Completed executing following method : FocusInventoryReportsTest.checkTransactionTypeWiseStockReport]]>
    </line>
    <line>
      <![CDATA[Test Method resides in com.focus.testcases.FocusInventoryReportsTest]]>
    </line>
    <line>
      <![CDATA[Test Status: Failed]]>
    </line>
    <line>
      <![CDATA[About to begin executing following method : BaseEngine.afterMethodExecution]]>
    </line>
    <line>
      <![CDATA[Completed executing following method : BaseEngine.afterMethodExecution]]>
    </line>
    <line>
      <![CDATA[About to begin executing following method : BaseEngine.beforeMethodExecution]]>
    </line>
    <line>
      <![CDATA[Completed executing following method : BaseEngine.beforeMethodExecution]]>
    </line>
    <line>
      <![CDATA[About to begin executing following method : FocusInventoryReportsTest.checkActualConsumptionReport]]>
    </line>
    <line>
      <![CDATA[Completed executing following method : FocusInventoryReportsTest.checkActualConsumptionReport]]>
    </line>
    <line>
      <![CDATA[Test Method resides in com.focus.testcases.FocusInventoryReportsTest]]>
    </line>
    <line>
      <![CDATA[Test Status: Failed]]>
    </line>
    <line>
      <![CDATA[About to begin executing following method : BaseEngine.afterMethodExecution]]>
    </line>
    <line>
      <![CDATA[Completed executing following method : BaseEngine.afterMethodExecution]]>
    </line>
    <line>
      <![CDATA[About to begin executing following method : BaseEngine.beforeMethodExecution]]>
    </line>
    <line>
      <![CDATA[Completed executing following method : BaseEngine.beforeMethodExecution]]>
    </line>
    <line>
      <![CDATA[About to begin executing following method : FocusInventoryReportsTest.checkGeneralLedgerandInventoryMismatchReport]]>
    </line>
    <line>
      <![CDATA[Completed executing following method : FocusInventoryReportsTest.checkGeneralLedgerandInventoryMismatchReport]]>
    </line>
    <line>
      <![CDATA[Test Method resides in com.focus.testcases.FocusInventoryReportsTest]]>
    </line>
    <line>
      <![CDATA[Test Status: Pass]]>
    </line>
    <line>
      <![CDATA[About to begin executing following method : BaseEngine.afterMethodExecution]]>
    </line>
    <line>
      <![CDATA[Completed executing following method : BaseEngine.afterMethodExecution]]>
    </line>
    <line>
      <![CDATA[About to begin executing following method : BaseEngine.beforeMethodExecution]]>
    </line>
    <line>
      <![CDATA[Completed executing following method : BaseEngine.beforeMethodExecution]]>
    </line>
    <line>
      <![CDATA[About to begin executing following method : FocusFinancialsReportTest.checkLoginWithRERInFA]]>
    </line>
    <line>
      <![CDATA[Completed executing following method : FocusFinancialsReportTest.checkLoginWithRERInFA]]>
    </line>
    <line>
      <![CDATA[Test Method resides in com.focus.testcases.FocusFinancialsReportTest]]>
    </line>
    <line>
      <![CDATA[Test Status: Failed]]>
    </line>
    <line>
      <![CDATA[About to begin executing following method : BaseEngine.afterMethodExecution]]>
    </line>
    <line>
      <![CDATA[Completed executing following method : BaseEngine.afterMethodExecution]]>
    </line>
    <line>
      <![CDATA[About to begin executing following method : BaseEngine.beforeMethodExecution]]>
    </line>
    <line>
      <![CDATA[Completed executing following method : BaseEngine.beforeMethodExecution]]>
    </line>
    <line>
      <![CDATA[About to begin executing following method : FocusFinancialsReportTest.checkLedgerReport]]>
    </line>
    <line>
      <![CDATA[Completed executing following method : FocusFinancialsReportTest.checkLedgerReport]]>
    </line>
    <line>
      <![CDATA[Test Method resides in com.focus.testcases.FocusFinancialsReportTest]]>
    </line>
    <line>
      <![CDATA[Test Status: Failed]]>
    </line>
    <line>
      <![CDATA[About to begin executing following method : BaseEngine.afterMethodExecution]]>
    </line>
    <line>
      <![CDATA[Completed executing following method : BaseEngine.afterMethodExecution]]>
    </line>
    <line>
      <![CDATA[About to begin executing following method : BaseEngine.beforeMethodExecution]]>
    </line>
    <line>
      <![CDATA[Completed executing following method : BaseEngine.beforeMethodExecution]]>
    </line>
    <line>
      <![CDATA[About to begin executing following method : FocusFinancialsReportTest.checkPrintOptionInLedgerAndValidatePDF]]>
    </line>
    <line>
      <![CDATA[Completed executing following method : FocusFinancialsReportTest.checkPrintOptionInLedgerAndValidatePDF]]>
    </line>
    <line>
      <![CDATA[Test Method resides in com.focus.testcases.FocusFinancialsReportTest]]>
    </line>
    <line>
      <![CDATA[Test Status: Failed]]>
    </line>
    <line>
      <![CDATA[About to begin executing following method : BaseEngine.afterMethodExecution]]>
    </line>
    <line>
      <![CDATA[Completed executing following method : BaseEngine.afterMethodExecution]]>
    </line>
    <line>
      <![CDATA[About to begin executing following method : BaseEngine.beforeMethodExecution]]>
    </line>
    <line>
      <![CDATA[Completed executing following method : BaseEngine.beforeMethodExecution]]>
    </line>
    <line>
      <![CDATA[About to begin executing following method : FocusFinancialsReportTest.checkFilterOptionInLedger]]>
    </line>
    <line>
      <![CDATA[Completed executing following method : FocusFinancialsReportTest.checkFilterOptionInLedger]]>
    </line>
    <line>
      <![CDATA[Test Method resides in com.focus.testcases.FocusFinancialsReportTest]]>
    </line>
    <line>
      <![CDATA[Test Status: Failed]]>
    </line>
    <line>
      <![CDATA[About to begin executing following method : BaseEngine.afterMethodExecution]]>
    </line>
    <line>
      <![CDATA[Completed executing following method : BaseEngine.afterMethodExecution]]>
    </line>
    <line>
      <![CDATA[About to begin executing following method : BaseEngine.beforeMethodExecution]]>
    </line>
    <line>
      <![CDATA[Completed executing following method : BaseEngine.beforeMethodExecution]]>
    </line>
    <line>
      <![CDATA[About to begin executing following method : FocusFinancialsReportTest.checkLedgerDetailReport]]>
    </line>
    <line>
      <![CDATA[Completed executing following method : FocusFinancialsReportTest.checkLedgerDetailReport]]>
    </line>
    <line>
      <![CDATA[Test Method resides in com.focus.testcases.FocusFinancialsReportTest]]>
    </line>
    <line>
      <![CDATA[Test Status: Failed]]>
    </line>
    <line>
      <![CDATA[About to begin executing following method : BaseEngine.afterMethodExecution]]>
    </line>
    <line>
      <![CDATA[Completed executing following method : BaseEngine.afterMethodExecution]]>
    </line>
    <line>
      <![CDATA[About to begin executing following method : BaseEngine.beforeMethodExecution]]>
    </line>
    <line>
      <![CDATA[Completed executing following method : BaseEngine.beforeMethodExecution]]>
    </line>
    <line>
      <![CDATA[About to begin executing following method : FocusFinancialsReportTest.checkSubLedgerReport]]>
    </line>
    <line>
      <![CDATA[Completed executing following method : FocusFinancialsReportTest.checkSubLedgerReport]]>
    </line>
    <line>
      <![CDATA[Test Method resides in com.focus.testcases.FocusFinancialsReportTest]]>
    </line>
    <line>
      <![CDATA[Test Status: Pass]]>
    </line>
    <line>
      <![CDATA[About to begin executing following method : BaseEngine.afterMethodExecution]]>
    </line>
    <line>
      <![CDATA[Completed executing following method : BaseEngine.afterMethodExecution]]>
    </line>
    <line>
      <![CDATA[About to begin executing following method : BaseEngine.beforeMethodExecution]]>
    </line>
    <line>
      <![CDATA[Completed executing following method : BaseEngine.beforeMethodExecution]]>
    </line>
    <line>
      <![CDATA[About to begin executing following method : FocusFinancialsReportTest.checkCashBookReport]]>
    </line>
    <line>
      <![CDATA[Completed executing following method : FocusFinancialsReportTest.checkCashBookReport]]>
    </line>
    <line>
      <![CDATA[Test Method resides in com.focus.testcases.FocusFinancialsReportTest]]>
    </line>
    <line>
      <![CDATA[Test Status: Pass]]>
    </line>
    <line>
      <![CDATA[About to begin executing following method : BaseEngine.afterMethodExecution]]>
    </line>
    <line>
      <![CDATA[Completed executing following method : BaseEngine.afterMethodExecution]]>
    </line>
    <line>
      <![CDATA[About to begin executing following method : BaseEngine.beforeMethodExecution]]>
    </line>
    <line>
      <![CDATA[Completed executing following method : BaseEngine.beforeMethodExecution]]>
    </line>
    <line>
      <![CDATA[About to begin executing following method : FocusFinancialsReportTest.checkBankBookAccountReport]]>
    </line>
    <line>
      <![CDATA[Completed executing following method : FocusFinancialsReportTest.checkBankBookAccountReport]]>
    </line>
    <line>
      <![CDATA[Test Method resides in com.focus.testcases.FocusFinancialsReportTest]]>
    </line>
    <line>
      <![CDATA[Test Status: Failed]]>
    </line>
    <line>
      <![CDATA[About to begin executing following method : BaseEngine.afterMethodExecution]]>
    </line>
    <line>
      <![CDATA[Completed executing following method : BaseEngine.afterMethodExecution]]>
    </line>
    <line>
      <![CDATA[About to begin executing following method : BaseEngine.beforeMethodExecution]]>
    </line>
    <line>
      <![CDATA[Completed executing following method : BaseEngine.beforeMethodExecution]]>
    </line>
    <line>
      <![CDATA[About to begin executing following method : FocusFinancialsReportTest.checkPettyCashBookReport]]>
    </line>
    <line>
      <![CDATA[Completed executing following method : FocusFinancialsReportTest.checkPettyCashBookReport]]>
    </line>
    <line>
      <![CDATA[Test Method resides in com.focus.testcases.FocusFinancialsReportTest]]>
    </line>
    <line>
      <![CDATA[Test Status: Pass]]>
    </line>
    <line>
      <![CDATA[About to begin executing following method : BaseEngine.afterMethodExecution]]>
    </line>
    <line>
      <![CDATA[Completed executing following method : BaseEngine.afterMethodExecution]]>
    </line>
    <line>
      <![CDATA[About to begin executing following method : BaseEngine.beforeMethodExecution]]>
    </line>
    <line>
      <![CDATA[Completed executing following method : BaseEngine.beforeMethodExecution]]>
    </line>
    <line>
      <![CDATA[About to begin executing following method : FocusFinancialsReportTest.checkDayBookReport]]>
    </line>
    <line>
      <![CDATA[Completed executing following method : FocusFinancialsReportTest.checkDayBookReport]]>
    </line>
    <line>
      <![CDATA[Test Method resides in com.focus.testcases.FocusFinancialsReportTest]]>
    </line>
    <line>
      <![CDATA[Test Status: Failed]]>
    </line>
    <line>
      <![CDATA[About to begin executing following method : BaseEngine.afterMethodExecution]]>
    </line>
    <line>
      <![CDATA[Completed executing following method : BaseEngine.afterMethodExecution]]>
    </line>
    <line>
      <![CDATA[About to begin executing following method : BaseEngine.beforeMethodExecution]]>
    </line>
    <line>
      <![CDATA[Completed executing following method : BaseEngine.beforeMethodExecution]]>
    </line>
    <line>
      <![CDATA[About to begin executing following method : FocusFinancialsReportTest.checkVirtualBankLedger]]>
    </line>
    <line>
      <![CDATA[Completed executing following method : FocusFinancialsReportTest.checkVirtualBankLedger]]>
    </line>
    <line>
      <![CDATA[Test Method resides in com.focus.testcases.FocusFinancialsReportTest]]>
    </line>
    <line>
      <![CDATA[Test Status: Pass]]>
    </line>
    <line>
      <![CDATA[About to begin executing following method : BaseEngine.afterMethodExecution]]>
    </line>
    <line>
      <![CDATA[Completed executing following method : BaseEngine.afterMethodExecution]]>
    </line>
    <line>
      <![CDATA[About to begin executing following method : BaseEngine.beforeMethodExecution]]>
    </line>
    <line>
      <![CDATA[Completed executing following method : BaseEngine.beforeMethodExecution]]>
    </line>
    <line>
      <![CDATA[About to begin executing following method : FocusFinancialsReportTest.checkSalesRegisterReport]]>
    </line>
    <line>
      <![CDATA[Completed executing following method : FocusFinancialsReportTest.checkSalesRegisterReport]]>
    </line>
    <line>
      <![CDATA[Test Method resides in com.focus.testcases.FocusFinancialsReportTest]]>
    </line>
    <line>
      <![CDATA[Test Status: Pass]]>
    </line>
    <line>
      <![CDATA[About to begin executing following method : BaseEngine.afterMethodExecution]]>
    </line>
    <line>
      <![CDATA[Completed executing following method : BaseEngine.afterMethodExecution]]>
    </line>
    <line>
      <![CDATA[About to begin executing following method : BaseEngine.beforeMethodExecution]]>
    </line>
    <line>
      <![CDATA[Completed executing following method : BaseEngine.beforeMethodExecution]]>
    </line>
    <line>
      <![CDATA[About to begin executing following method : FocusFinancialsReportTest.checkSalesSummaryRegisterReport]]>
    </line>
    <line>
      <![CDATA[Completed executing following method : FocusFinancialsReportTest.checkSalesSummaryRegisterReport]]>
    </line>
    <line>
      <![CDATA[Test Method resides in com.focus.testcases.FocusFinancialsReportTest]]>
    </line>
    <line>
      <![CDATA[Test Status: Pass]]>
    </line>
    <line>
      <![CDATA[About to begin executing following method : BaseEngine.afterMethodExecution]]>
    </line>
    <line>
      <![CDATA[Completed executing following method : BaseEngine.afterMethodExecution]]>
    </line>
    <line>
      <![CDATA[About to begin executing following method : BaseEngine.beforeMethodExecution]]>
    </line>
    <line>
      <![CDATA[Completed executing following method : BaseEngine.beforeMethodExecution]]>
    </line>
    <line>
      <![CDATA[About to begin executing following method : FocusFinancialsReportTest.checkMonthlySalesReport]]>
    </line>
    <line>
      <![CDATA[Completed executing following method : FocusFinancialsReportTest.checkMonthlySalesReport]]>
    </line>
    <line>
      <![CDATA[Test Method resides in com.focus.testcases.FocusFinancialsReportTest]]>
    </line>
    <line>
      <![CDATA[Test Status: Pass]]>
    </line>
    <line>
      <![CDATA[About to begin executing following method : BaseEngine.afterMethodExecution]]>
    </line>
    <line>
      <![CDATA[Completed executing following method : BaseEngine.afterMethodExecution]]>
    </line>
    <line>
      <![CDATA[About to begin executing following method : BaseEngine.beforeMethodExecution]]>
    </line>
    <line>
      <![CDATA[Completed executing following method : BaseEngine.beforeMethodExecution]]>
    </line>
    <line>
      <![CDATA[About to begin executing following method : FocusFinancialsReportTest.checkTopCustomersReports]]>
    </line>
    <line>
      <![CDATA[Completed executing following method : FocusFinancialsReportTest.checkTopCustomersReports]]>
    </line>
    <line>
      <![CDATA[Test Method resides in com.focus.testcases.FocusFinancialsReportTest]]>
    </line>
    <line>
      <![CDATA[Test Status: Pass]]>
    </line>
    <line>
      <![CDATA[About to begin executing following method : BaseEngine.afterMethodExecution]]>
    </line>
    <line>
      <![CDATA[Completed executing following method : BaseEngine.afterMethodExecution]]>
    </line>
    <line>
      <![CDATA[About to begin executing following method : BaseEngine.beforeMethodExecution]]>
    </line>
    <line>
      <![CDATA[Completed executing following method : BaseEngine.beforeMethodExecution]]>
    </line>
    <line>
      <![CDATA[About to begin executing following method : FocusFinancialsReportTest.checkTopCustomersReportsForGroupAccount]]>
    </line>
    <line>
      <![CDATA[Completed executing following method : FocusFinancialsReportTest.checkTopCustomersReportsForGroupAccount]]>
    </line>
    <line>
      <![CDATA[Test Method resides in com.focus.testcases.FocusFinancialsReportTest]]>
    </line>
    <line>
      <![CDATA[Test Status: Failed]]>
    </line>
    <line>
      <![CDATA[About to begin executing following method : BaseEngine.afterMethodExecution]]>
    </line>
    <line>
      <![CDATA[Completed executing following method : BaseEngine.afterMethodExecution]]>
    </line>
    <line>
      <![CDATA[About to begin executing following method : BaseEngine.beforeMethodExecution]]>
    </line>
    <line>
      <![CDATA[Completed executing following method : BaseEngine.beforeMethodExecution]]>
    </line>
    <line>
      <![CDATA[About to begin executing following method : FocusFinancialsReportTest.checkPurchaseRegisterReport]]>
    </line>
    <line>
      <![CDATA[Completed executing following method : FocusFinancialsReportTest.checkPurchaseRegisterReport]]>
    </line>
    <line>
      <![CDATA[Test Method resides in com.focus.testcases.FocusFinancialsReportTest]]>
    </line>
    <line>
      <![CDATA[Test Status: Failed]]>
    </line>
    <line>
      <![CDATA[About to begin executing following method : BaseEngine.afterMethodExecution]]>
    </line>
    <line>
      <![CDATA[Completed executing following method : BaseEngine.afterMethodExecution]]>
    </line>
    <line>
      <![CDATA[About to begin executing following method : BaseEngine.beforeMethodExecution]]>
    </line>
    <line>
      <![CDATA[Completed executing following method : BaseEngine.beforeMethodExecution]]>
    </line>
    <line>
      <![CDATA[About to begin executing following method : FocusFinancialsReportTest.checkPurchaseReturnRegister]]>
    </line>
    <line>
      <![CDATA[Completed executing following method : FocusFinancialsReportTest.checkPurchaseReturnRegister]]>
    </line>
    <line>
      <![CDATA[Test Method resides in com.focus.testcases.FocusFinancialsReportTest]]>
    </line>
    <line>
      <![CDATA[Test Status: Pass]]>
    </line>
    <line>
      <![CDATA[About to begin executing following method : BaseEngine.afterMethodExecution]]>
    </line>
    <line>
      <![CDATA[Completed executing following method : BaseEngine.afterMethodExecution]]>
    </line>
    <line>
      <![CDATA[About to begin executing following method : BaseEngine.beforeMethodExecution]]>
    </line>
    <line>
      <![CDATA[Completed executing following method : BaseEngine.beforeMethodExecution]]>
    </line>
    <line>
      <![CDATA[About to begin executing following method : FocusFinancialsReportTest.checkSummaryPurchaseRegister]]>
    </line>
    <line>
      <![CDATA[Completed executing following method : FocusFinancialsReportTest.checkSummaryPurchaseRegister]]>
    </line>
    <line>
      <![CDATA[Test Method resides in com.focus.testcases.FocusFinancialsReportTest]]>
    </line>
    <line>
      <![CDATA[Test Status: Failed]]>
    </line>
    <line>
      <![CDATA[About to begin executing following method : BaseEngine.afterMethodExecution]]>
    </line>
    <line>
      <![CDATA[Completed executing following method : BaseEngine.afterMethodExecution]]>
    </line>
    <line>
      <![CDATA[About to begin executing following method : BaseEngine.beforeMethodExecution]]>
    </line>
    <line>
      <![CDATA[Completed executing following method : BaseEngine.beforeMethodExecution]]>
    </line>
    <line>
      <![CDATA[About to begin executing following method : FocusFinancialsReportTest.checkOpeningBalanceRegister]]>
    </line>
    <line>
      <![CDATA[Completed executing following method : FocusFinancialsReportTest.checkOpeningBalanceRegister]]>
    </line>
    <line>
      <![CDATA[Test Method resides in com.focus.testcases.FocusFinancialsReportTest]]>
    </line>
    <line>
      <![CDATA[Test Status: Pass]]>
    </line>
    <line>
      <![CDATA[About to begin executing following method : BaseEngine.afterMethodExecution]]>
    </line>
    <line>
      <![CDATA[Completed executing following method : BaseEngine.afterMethodExecution]]>
    </line>
    <line>
      <![CDATA[About to begin executing following method : BaseEngine.beforeMethodExecution]]>
    </line>
    <line>
      <![CDATA[Completed executing following method : BaseEngine.beforeMethodExecution]]>
    </line>
    <line>
      <![CDATA[About to begin executing following method : FocusFinancialsReportTest.checkJournalEntryRegister]]>
    </line>
    <line>
      <![CDATA[Completed executing following method : FocusFinancialsReportTest.checkJournalEntryRegister]]>
    </line>
    <line>
      <![CDATA[Test Method resides in com.focus.testcases.FocusFinancialsReportTest]]>
    </line>
    <line>
      <![CDATA[Test Status: Pass]]>
    </line>
    <line>
      <![CDATA[About to begin executing following method : BaseEngine.afterMethodExecution]]>
    </line>
    <line>
      <![CDATA[Completed executing following method : BaseEngine.afterMethodExecution]]>
    </line>
    <line>
      <![CDATA[About to begin executing following method : BaseEngine.beforeMethodExecution]]>
    </line>
    <line>
      <![CDATA[Completed executing following method : BaseEngine.beforeMethodExecution]]>
    </line>
    <line>
      <![CDATA[About to begin executing following method : FocusFinancialsReportTest.checkCreditNoteRegister]]>
    </line>
    <line>
      <![CDATA[Completed executing following method : FocusFinancialsReportTest.checkCreditNoteRegister]]>
    </line>
    <line>
      <![CDATA[Test Method resides in com.focus.testcases.FocusFinancialsReportTest]]>
    </line>
    <line>
      <![CDATA[Test Status: Pass]]>
    </line>
    <line>
      <![CDATA[About to begin executing following method : BaseEngine.afterMethodExecution]]>
    </line>
    <line>
      <![CDATA[Completed executing following method : BaseEngine.afterMethodExecution]]>
    </line>
    <line>
      <![CDATA[About to begin executing following method : BaseEngine.beforeMethodExecution]]>
    </line>
    <line>
      <![CDATA[Completed executing following method : BaseEngine.beforeMethodExecution]]>
    </line>
    <line>
      <![CDATA[About to begin executing following method : FocusFinancialsReportTest.checkReciptsRegister]]>
    </line>
    <line>
      <![CDATA[Completed executing following method : FocusFinancialsReportTest.checkReciptsRegister]]>
    </line>
    <line>
      <![CDATA[Test Method resides in com.focus.testcases.FocusFinancialsReportTest]]>
    </line>
    <line>
      <![CDATA[Test Status: Pass]]>
    </line>
    <line>
      <![CDATA[About to begin executing following method : BaseEngine.afterMethodExecution]]>
    </line>
    <line>
      <![CDATA[Completed executing following method : BaseEngine.afterMethodExecution]]>
    </line>
    <line>
      <![CDATA[About to begin executing following method : BaseEngine.beforeMethodExecution]]>
    </line>
    <line>
      <![CDATA[Completed executing following method : BaseEngine.beforeMethodExecution]]>
    </line>
    <line>
      <![CDATA[About to begin executing following method : FocusFinancialsReportTest.checkPaymentsRegister]]>
    </line>
    <line>
      <![CDATA[Completed executing following method : FocusFinancialsReportTest.checkPaymentsRegister]]>
    </line>
    <line>
      <![CDATA[Test Method resides in com.focus.testcases.FocusFinancialsReportTest]]>
    </line>
    <line>
      <![CDATA[Test Status: Pass]]>
    </line>
    <line>
      <![CDATA[About to begin executing following method : BaseEngine.afterMethodExecution]]>
    </line>
    <line>
      <![CDATA[Completed executing following method : BaseEngine.afterMethodExecution]]>
    </line>
    <line>
      <![CDATA[About to begin executing following method : BaseEngine.beforeMethodExecution]]>
    </line>
    <line>
      <![CDATA[Completed executing following method : BaseEngine.beforeMethodExecution]]>
    </line>
    <line>
      <![CDATA[About to begin executing following method : FocusFinancialsReportTest.checkPDCReceiptsRegister]]>
    </line>
    <line>
      <![CDATA[Completed executing following method : FocusFinancialsReportTest.checkPDCReceiptsRegister]]>
    </line>
    <line>
      <![CDATA[Test Method resides in com.focus.testcases.FocusFinancialsReportTest]]>
    </line>
    <line>
      <![CDATA[Test Status: Pass]]>
    </line>
    <line>
      <![CDATA[About to begin executing following method : BaseEngine.afterMethodExecution]]>
    </line>
    <line>
      <![CDATA[Completed executing following method : BaseEngine.afterMethodExecution]]>
    </line>
    <line>
      <![CDATA[About to begin executing following method : BaseEngine.beforeMethodExecution]]>
    </line>
    <line>
      <![CDATA[Completed executing following method : BaseEngine.beforeMethodExecution]]>
    </line>
    <line>
      <![CDATA[About to begin executing following method : FocusFinancialsReportTest.checkPDCPaymentsRegister]]>
    </line>
    <line>
      <![CDATA[Completed executing following method : FocusFinancialsReportTest.checkPDCPaymentsRegister]]>
    </line>
    <line>
      <![CDATA[Test Method resides in com.focus.testcases.FocusFinancialsReportTest]]>
    </line>
    <line>
      <![CDATA[Test Status: Pass]]>
    </line>
    <line>
      <![CDATA[About to begin executing following method : BaseEngine.afterMethodExecution]]>
    </line>
    <line>
      <![CDATA[Completed executing following method : BaseEngine.afterMethodExecution]]>
    </line>
    <line>
      <![CDATA[About to begin executing following method : BaseEngine.beforeMethodExecution]]>
    </line>
    <line>
      <![CDATA[Completed executing following method : BaseEngine.beforeMethodExecution]]>
    </line>
    <line>
      <![CDATA[About to begin executing following method : FocusFinancialsReportTest.checkEntryJournalRegister]]>
    </line>
    <line>
      <![CDATA[Completed executing following method : FocusFinancialsReportTest.checkEntryJournalRegister]]>
    </line>
    <line>
      <![CDATA[Test Method resides in com.focus.testcases.FocusFinancialsReportTest]]>
    </line>
    <line>
      <![CDATA[Test Status: Failed]]>
    </line>
    <line>
      <![CDATA[About to begin executing following method : BaseEngine.afterMethodExecution]]>
    </line>
    <line>
      <![CDATA[Completed executing following method : BaseEngine.afterMethodExecution]]>
    </line>
    <line>
      <![CDATA[About to begin executing following method : BaseEngine.beforeMethodExecution]]>
    </line>
    <line>
      <![CDATA[Completed executing following method : BaseEngine.beforeMethodExecution]]>
    </line>
    <line>
      <![CDATA[About to begin executing following method : FocusFinancialsReportTest.checkEntryJournalDetailReport]]>
    </line>
    <line>
      <![CDATA[Completed executing following method : FocusFinancialsReportTest.checkEntryJournalDetailReport]]>
    </line>
    <line>
      <![CDATA[Test Method resides in com.focus.testcases.FocusFinancialsReportTest]]>
    </line>
    <line>
      <![CDATA[Test Status: Failed]]>
    </line>
    <line>
      <![CDATA[About to begin executing following method : BaseEngine.afterMethodExecution]]>
    </line>
    <line>
      <![CDATA[Completed executing following method : BaseEngine.afterMethodExecution]]>
    </line>
    <line>
      <![CDATA[About to begin executing following method : BaseEngine.beforeMethodExecution]]>
    </line>
    <line>
      <![CDATA[Completed executing following method : BaseEngine.beforeMethodExecution]]>
    </line>
    <line>
      <![CDATA[About to begin executing following method : FocusFinancialsReportTest.checkSalesGroupedByCustomer]]>
    </line>
    <line>
      <![CDATA[Completed executing following method : FocusFinancialsReportTest.checkSalesGroupedByCustomer]]>
    </line>
    <line>
      <![CDATA[Test Method resides in com.focus.testcases.FocusFinancialsReportTest]]>
    </line>
    <line>
      <![CDATA[Test Status: Failed]]>
    </line>
    <line>
      <![CDATA[About to begin executing following method : BaseEngine.afterMethodExecution]]>
    </line>
    <line>
      <![CDATA[Completed executing following method : BaseEngine.afterMethodExecution]]>
    </line>
    <line>
      <![CDATA[About to begin executing following method : BaseEngine.beforeMethodExecution]]>
    </line>
    <line>
      <![CDATA[Completed executing following method : BaseEngine.beforeMethodExecution]]>
    </line>
    <line>
      <![CDATA[About to begin executing following method : FocusFinancialsReportTest.checkSalesGroupedByItem]]>
    </line>
    <line>
      <![CDATA[Completed executing following method : FocusFinancialsReportTest.checkSalesGroupedByItem]]>
    </line>
    <line>
      <![CDATA[Test Method resides in com.focus.testcases.FocusFinancialsReportTest]]>
    </line>
    <line>
      <![CDATA[Test Status: Pass]]>
    </line>
    <line>
      <![CDATA[About to begin executing following method : BaseEngine.afterMethodExecution]]>
    </line>
    <line>
      <![CDATA[Completed executing following method : BaseEngine.afterMethodExecution]]>
    </line>
    <line>
      <![CDATA[About to begin executing following method : BaseEngine.beforeMethodExecution]]>
    </line>
    <line>
      <![CDATA[Completed executing following method : BaseEngine.beforeMethodExecution]]>
    </line>
    <line>
      <![CDATA[About to begin executing following method : FocusFinancialsReportTest.checkSalesGroupedByDepartment]]>
    </line>
    <line>
      <![CDATA[Completed executing following method : FocusFinancialsReportTest.checkSalesGroupedByDepartment]]>
    </line>
    <line>
      <![CDATA[Test Method resides in com.focus.testcases.FocusFinancialsReportTest]]>
    </line>
    <line>
      <![CDATA[Test Status: Pass]]>
    </line>
    <line>
      <![CDATA[About to begin executing following method : BaseEngine.afterMethodExecution]]>
    </line>
    <line>
      <![CDATA[Completed executing following method : BaseEngine.afterMethodExecution]]>
    </line>
    <line>
      <![CDATA[About to begin executing following method : BaseEngine.beforeMethodExecution]]>
    </line>
    <line>
      <![CDATA[Completed executing following method : BaseEngine.beforeMethodExecution]]>
    </line>
    <line>
      <![CDATA[About to begin executing following method : FocusFinancialsReportTest.checkPurchasesGroupedByVendor]]>
    </line>
    <line>
      <![CDATA[Completed executing following method : FocusFinancialsReportTest.checkPurchasesGroupedByVendor]]>
    </line>
    <line>
      <![CDATA[Test Method resides in com.focus.testcases.FocusFinancialsReportTest]]>
    </line>
    <line>
      <![CDATA[Test Status: Pass]]>
    </line>
    <line>
      <![CDATA[About to begin executing following method : BaseEngine.afterMethodExecution]]>
    </line>
    <line>
      <![CDATA[Completed executing following method : BaseEngine.afterMethodExecution]]>
    </line>
    <line>
      <![CDATA[About to begin executing following method : BaseEngine.beforeMethodExecution]]>
    </line>
    <line>
      <![CDATA[Completed executing following method : BaseEngine.beforeMethodExecution]]>
    </line>
    <line>
[...]
            </line>
            <line>
              <![CDATA[Test Method resides in com.focus.testcases.UserRestrictionsTest]]>
            </line>
            <line>
              <![CDATA[Test Status: Pass]]>
            </line>
            <line>
              <![CDATA[About to begin executing following method : BaseEngine.afterMethodExecution]]>
            </line>
          </reporter-output>
        </test-method> <!-- checkPurchasesVoucherForAllTheMastersListInMastersDropdown -->
        <test-method status="PASS" signature="beforeMethodExecution(java.lang.reflect.Method)[pri:0, instance:com.focus.testcases.UserRestrictionsTest@5b87ed94]" name="beforeMethodExecution" is-config="true" duration-ms="0" started-at="2022-12-28T13:26:08Z" finished-at="2022-12-28T13:26:08Z">
          <params>
            <param index="0">
              <value>
                <![CDATA[public void com.focus.testcases.UserRestrictionsTest.checkPurchasesVoucherForAllTheMastersListInMastersDropdown() throws org.apache.poi.EncryptedDocumentException,org.apache.poi.openxml4j.exceptions.InvalidFormatException,java.io.IOException,java.lang.InterruptedException]]>
              </value>
            </param>
          </params>
          <reporter-output>
            <line>
              <![CDATA[Completed executing following method : BaseEngine.beforeMethodExecution]]>
            </line>
          </reporter-output>
        </test-method> <!-- beforeMethodExecution -->
        <test-method status="PASS" signature="afterMethodExecution(org.testng.ITestResult)[pri:0, instance:com.focus.testcases.UserRestrictionsTest@5b87ed94]" name="afterMethodExecution" is-config="true" duration-ms="1" started-at="2022-12-28T13:26:34Z" finished-at="2022-12-28T13:26:34Z">
          <params>
            <param index="0">
              <value>
                <![CDATA[[TestResult name=checkPurchasesVoucherForAllTheMastersListInMastersDropdown status=SUCCESS method=UserRestrictionsTest.checkPurchasesVoucherForAllTheMastersListInMastersDropdown()[pri:2014, instance:com.focus.testcases.UserRestrictionsTest@5b87ed94] output=Completed executing following method : UserRestrictionsTest.checkPurchasesVoucherForAllTheMastersListInMastersDropdown]]]>
              </value>
            </param>
          </params>
          <reporter-output>
            <line>
              <![CDATA[Completed executing following method : BaseEngine.afterMethodExecution]]>
            </line>
          </reporter-output>
        </test-method> <!-- afterMethodExecution -->
        <test-method status="PASS" signature="beforeMethodExecution(java.lang.reflect.Method)[pri:0, instance:com.focus.testcases.UserRestrictionsTest@5b87ed94]" name="beforeMethodExecution" is-config="true" duration-ms="0" started-at="2022-12-28T13:26:34Z" finished-at="2022-12-28T13:26:34Z">
          <params>
            <param index="0">
              <value>
                <![CDATA[public void com.focus.testcases.UserRestrictionsTest.checkSalesInvoiceVoucherHomePgaeMastersList() throws org.apache.poi.EncryptedDocumentException,org.apache.poi.openxml4j.exceptions.InvalidFormatException,java.io.IOException,java.lang.InterruptedException]]>
              </value>
            </param>
          </params>
          <reporter-output>
            <line>
              <![CDATA[Completed executing following method : BaseEngine.beforeMethodExecution]]>
            </line>
          </reporter-output>
        </test-method> <!-- beforeMethodExecution -->
        <test-method status="PASS" signature="checkSalesInvoiceVoucherHomePgaeMastersList()[pri:2015, instance:com.focus.testcases.UserRestrictionsTest@5b87ed94]" name="checkSalesInvoiceVoucherHomePgaeMastersList" duration-ms="9579" started-at="2022-12-28T13:26:34Z" finished-at="2022-12-28T13:26:44Z">
          <reporter-output>
            <line>
              <![CDATA[Completed executing following method : UserRestrictionsTest.checkSalesInvoiceVoucherHomePgaeMastersList]]>
            </line>
            <line>
              <![CDATA[Test Method resides in com.focus.testcases.UserRestrictionsTest]]>
            </line>
            <line>
              <![CDATA[Test Status: Pass]]>
            </line>
            <line>
              <![CDATA[About to begin executing following method : BaseEngine.afterMethodExecution]]>
            </line>
          </reporter-output>
        </test-method> <!-- checkSalesInvoiceVoucherHomePgaeMastersList -->
        <test-method status="PASS" signature="beforeMethodExecution(java.lang.reflect.Method)[pri:0, instance:com.focus.testcases.UserRestrictionsTest@5b87ed94]" name="beforeMethodExecution" is-config="true" duration-ms="1" started-at="2022-12-28T13:26:44Z" finished-at="2022-12-28T13:26:44Z">
          <params>
            <param index="0">
              <value>
                <![CDATA[public void com.focus.testcases.UserRestrictionsTest.checkMastersListInSalesInvoices() throws org.apache.poi.EncryptedDocumentException,org.apache.poi.openxml4j.exceptions.InvalidFormatException,java.io.IOException,java.lang.InterruptedException]]>
              </value>
            </param>
          </params>
          <reporter-output>
            <line>
              <![CDATA[Completed executing following method : BaseEngine.beforeMethodExecution]]>
            </line>
          </reporter-output>
        </test-method> <!-- beforeMethodExecution -->
        <test-method status="PASS" signature="afterMethodExecution(org.testng.ITestResult)[pri:0, instance:com.focus.testcases.UserRestrictionsTest@5b87ed94]" name="afterMethodExecution" is-config="true" duration-ms="0" started-at="2022-12-28T13:26:44Z" finished-at="2022-12-28T13:26:44Z">
          <params>
            <param index="0">
              <value>
                <![CDATA[[TestResult name=checkSalesInvoiceVoucherHomePgaeMastersList status=SUCCESS method=UserRestrictionsTest.checkSalesInvoiceVoucherHomePgaeMastersList()[pri:2015, instance:com.focus.testcases.UserRestrictionsTest@5b87ed94] output=Completed executing following method : UserRestrictionsTest.checkSalesInvoiceVoucherHomePgaeMastersList]]]>
              </value>
            </param>
          </params>
          <reporter-output>
            <line>
              <![CDATA[Completed executing following method : BaseEngine.afterMethodExecution]]>
            </line>
          </reporter-output>
        </test-method> <!-- afterMethodExecution -->
        <test-method status="PASS" signature="checkMastersListInSalesInvoices()[pri:2016, instance:com.focus.testcases.UserRestrictionsTest@5b87ed94]" name="checkMastersListInSalesInvoices" duration-ms="20793" started-at="2022-12-28T13:26:44Z" finished-at="2022-12-28T13:27:05Z">
          <reporter-output>
            <line>
              <![CDATA[Completed executing following method : UserRestrictionsTest.checkMastersListInSalesInvoices]]>
            </line>
            <line>
              <![CDATA[Test Method resides in com.focus.testcases.UserRestrictionsTest]]>
            </line>
            <line>
              <![CDATA[Test Status: Pass]]>
            </line>
            <line>
              <![CDATA[About to begin executing following method : BaseEngine.afterMethodExecution]]>
            </line>
          </reporter-output>
        </test-method> <!-- checkMastersListInSalesInvoices -->
        <test-method status="PASS" signature="afterMethodExecution(org.testng.ITestResult)[pri:0, instance:com.focus.testcases.UserRestrictionsTest@5b87ed94]" name="afterMethodExecution" is-config="true" duration-ms="1" started-at="2022-12-28T13:27:05Z" finished-at="2022-12-28T13:27:05Z">
          <params>
            <param index="0">
              <value>
                <![CDATA[[TestResult name=checkMastersListInSalesInvoices status=SUCCESS method=UserRestrictionsTest.checkMastersListInSalesInvoices()[pri:2016, instance:com.focus.testcases.UserRestrictionsTest@5b87ed94] output=Completed executing following method : UserRestrictionsTest.checkMastersListInSalesInvoices]]]>
              </value>
            </param>
          </params>
          <reporter-output>
            <line>
              <![CDATA[Completed executing following method : BaseEngine.afterMethodExecution]]>
            </line>
          </reporter-output>
        </test-method> <!-- afterMethodExecution -->
        <test-method status="PASS" signature="beforeMethodExecution(java.lang.reflect.Method)[pri:0, instance:com.focus.testcases.UserRestrictionsTest@5b87ed94]" name="beforeMethodExecution" is-config="true" duration-ms="0" started-at="2022-12-28T13:27:05Z" finished-at="2022-12-28T13:27:05Z">
          <params>
            <param index="0">
              <value>
                <![CDATA[public void com.focus.testcases.UserRestrictionsTest.checkPaymentsVoucherHomePageMastersList() throws org.apache.poi.EncryptedDocumentException,org.apache.poi.openxml4j.exceptions.InvalidFormatException,java.io.IOException,java.lang.InterruptedException]]>
              </value>
            </param>
          </params>
          <reporter-output>
            <line>
              <![CDATA[Completed executing following method : BaseEngine.beforeMethodExecution]]>
            </line>
          </reporter-output>
        </test-method> <!-- beforeMethodExecution -->
        <test-method status="PASS" signature="checkPaymentsVoucherHomePageMastersList()[pri:2017, instance:com.focus.testcases.UserRestrictionsTest@5b87ed94]" name="checkPaymentsVoucherHomePageMastersList" duration-ms="4456" started-at="2022-12-28T13:27:05Z" finished-at="2022-12-28T13:27:09Z">
          <reporter-output>
            <line>
              <![CDATA[Completed executing following method : UserRestrictionsTest.checkPaymentsVoucherHomePageMastersList]]>
            </line>
            <line>
              <![CDATA[Test Method resides in com.focus.testcases.UserRestrictionsTest]]>
            </line>
            <line>
              <![CDATA[Test Status: Pass]]>
            </line>
            <line>
              <![CDATA[About to begin executing following method : BaseEngine.afterMethodExecution]]>
            </line>
          </reporter-output>
        </test-method> <!-- checkPaymentsVoucherHomePageMastersList -->
        <test-method status="PASS" signature="afterMethodExecution(org.testng.ITestResult)[pri:0, instance:com.focus.testcases.UserRestrictionsTest@5b87ed94]" name="afterMethodExecution" is-config="true" duration-ms="1" started-at="2022-12-28T13:27:09Z" finished-at="2022-12-28T13:27:09Z">
          <params>
            <param index="0">
              <value>
                <![CDATA[[TestResult name=checkPaymentsVoucherHomePageMastersList status=SUCCESS method=UserRestrictionsTest.checkPaymentsVoucherHomePageMastersList()[pri:2017, instance:com.focus.testcases.UserRestrictionsTest@5b87ed94] output=Completed executing following method : UserRestrictionsTest.checkPaymentsVoucherHomePageMastersList]]]>
              </value>
            </param>
          </params>
          <reporter-output>
            <line>
              <![CDATA[Completed executing following method : BaseEngine.afterMethodExecution]]>
            </line>
          </reporter-output>
        </test-method> <!-- afterMethodExecution -->
        <test-method status="PASS" signature="checkMastersListInPayments()[pri:2018, instance:com.focus.testcases.UserRestrictionsTest@5b87ed94]" name="checkMastersListInPayments" duration-ms="16878" started-at="2022-12-28T13:27:09Z" finished-at="2022-12-28T13:27:26Z">
          <reporter-output>
            <line>
              <![CDATA[Completed executing following method : UserRestrictionsTest.checkMastersListInPayments]]>
            </line>
            <line>
              <![CDATA[Test Method resides in com.focus.testcases.UserRestrictionsTest]]>
            </line>
            <line>
              <![CDATA[Test Status: Pass]]>
            </line>
            <line>
              <![CDATA[About to begin executing following method : BaseEngine.afterMethodExecution]]>
            </line>
          </reporter-output>
        </test-method> <!-- checkMastersListInPayments -->
        <test-method status="PASS" signature="beforeMethodExecution(java.lang.reflect.Method)[pri:0, instance:com.focus.testcases.UserRestrictionsTest@5b87ed94]" name="beforeMethodExecution" is-config="true" duration-ms="0" started-at="2022-12-28T13:27:09Z" finished-at="2022-12-28T13:27:09Z">
          <params>
            <param index="0">
              <value>
                <![CDATA[public void com.focus.testcases.UserRestrictionsTest.checkMastersListInPayments() throws org.apache.poi.EncryptedDocumentException,org.apache.poi.openxml4j.exceptions.InvalidFormatException,java.io.IOException,java.lang.InterruptedException]]>
              </value>
            </param>
          </params>
          <reporter-output>
            <line>
              <![CDATA[Completed executing following method : BaseEngine.beforeMethodExecution]]>
            </line>
          </reporter-output>
        </test-method> <!-- beforeMethodExecution -->
        <test-method status="PASS" signature="afterMethodExecution(org.testng.ITestResult)[pri:0, instance:com.focus.testcases.UserRestrictionsTest@5b87ed94]" name="afterMethodExecution" is-config="true" duration-ms="1" started-at="2022-12-28T13:27:26Z" finished-at="2022-12-28T13:27:26Z">
          <params>
            <param index="0">
              <value>
                <![CDATA[[TestResult name=checkMastersListInPayments status=SUCCESS method=UserRestrictionsTest.checkMastersListInPayments()[pri:2018, instance:com.focus.testcases.UserRestrictionsTest@5b87ed94] output=Completed executing following method : UserRestrictionsTest.checkMastersListInPayments]]]>
              </value>
            </param>
          </params>
          <reporter-output>
            <line>
              <![CDATA[Completed executing following method : BaseEngine.afterMethodExecution]]>
            </line>
          </reporter-output>
        </test-method> <!-- afterMethodExecution -->
        <test-method status="PASS" signature="checkReceiptsHomePageMasterList()[pri:2019, instance:com.focus.testcases.UserRestrictionsTest@5b87ed94]" name="checkReceiptsHomePageMasterList" duration-ms="3875" started-at="2022-12-28T13:27:26Z" finished-at="2022-12-28T13:27:30Z">
          <reporter-output>
            <line>
              <![CDATA[Completed executing following method : UserRestrictionsTest.checkReceiptsHomePageMasterList]]>
            </line>
            <line>
              <![CDATA[Test Method resides in com.focus.testcases.UserRestrictionsTest]]>
            </line>
            <line>
              <![CDATA[Test Status: Pass]]>
            </line>
            <line>
              <![CDATA[About to begin executing following method : BaseEngine.afterMethodExecution]]>
            </line>
          </reporter-output>
        </test-method> <!-- checkReceiptsHomePageMasterList -->
        <test-method status="PASS" signature="beforeMethodExecution(java.lang.reflect.Method)[pri:0, instance:com.focus.testcases.UserRestrictionsTest@5b87ed94]" name="beforeMethodExecution" is-config="true" duration-ms="0" started-at="2022-12-28T13:27:26Z" finished-at="2022-12-28T13:27:26Z">
          <params>
            <param index="0">
              <value>
                <![CDATA[public void com.focus.testcases.UserRestrictionsTest.checkReceiptsHomePageMasterList() throws org.apache.poi.EncryptedDocumentException,org.apache.poi.openxml4j.exceptions.InvalidFormatException,java.io.IOException,java.lang.InterruptedException]]>
              </value>
            </param>
          </params>
          <reporter-output>
            <line>
              <![CDATA[Completed executing following method : BaseEngine.beforeMethodExecution]]>
            </line>
          </reporter-output>
        </test-method> <!-- beforeMethodExecution -->
        <test-method status="PASS" signature="checkMasterInReceipts()[pri:2020, instance:com.focus.testcases.UserRestrictionsTest@5b87ed94]" name="checkMasterInReceipts" duration-ms="13660" started-at="2022-12-28T13:27:30Z" finished-at="2022-12-28T13:27:44Z">
          <reporter-output>
            <line>
              <![CDATA[Completed executing following method : UserRestrictionsTest.checkMasterInReceipts]]>
            </line>
            <line>
              <![CDATA[Test Method resides in com.focus.testcases.UserRestrictionsTest]]>
            </line>
            <line>
              <![CDATA[Test Status: Pass]]>
            </line>
            <line>
              <![CDATA[About to begin executing following method : BaseEngine.afterMethodExecution]]>
            </line>
          </reporter-output>
        </test-method> <!-- checkMasterInReceipts -->
        <test-method status="PASS" signature="beforeMethodExecution(java.lang.reflect.Method)[pri:0, instance:com.focus.testcases.UserRestrictionsTest@5b87ed94]" name="beforeMethodExecution" is-config="true" duration-ms="0" started-at="2022-12-28T13:27:30Z" finished-at="2022-12-28T13:27:30Z">
          <params>
            <param index="0">
              <value>
                <![CDATA[public void com.focus.testcases.UserRestrictionsTest.checkMasterInReceipts() throws org.apache.poi.EncryptedDocumentException,org.apache.poi.openxml4j.exceptions.InvalidFormatException,java.io.IOException,java.lang.InterruptedException]]>
              </value>
            </param>
          </params>
          <reporter-output>
            <line>
              <![CDATA[Completed executing following method : BaseEngine.beforeMethodExecution]]>
            </line>
          </reporter-output>
        </test-method> <!-- beforeMethodExecution -->
        <test-method status="PASS" signature="afterMethodExecution(org.testng.ITestResult)[pri:0, instance:com.focus.testcases.UserRestrictionsTest@5b87ed94]" name="afterMethodExecution" is-config="true" duration-ms="0" started-at="2022-12-28T13:27:30Z" finished-at="2022-12-28T13:27:30Z">
          <params>
            <param index="0">
              <value>
                <![CDATA[[TestResult name=checkReceiptsHomePageMasterList status=SUCCESS method=UserRestrictionsTest.checkReceiptsHomePageMasterList()[pri:2019, instance:com.focus.testcases.UserRestrictionsTest@5b87ed94] output=Completed executing following method : UserRestrictionsTest.checkReceiptsHomePageMasterList]]]>
              </value>
            </param>
          </params>
          <reporter-output>
            <line>
              <![CDATA[Completed executing following method : BaseEngine.afterMethodExecution]]>
            </line>
          </reporter-output>
        </test-method> <!-- afterMethodExecution -->
        <test-method status="PASS" signature="afterMethodExecution(org.testng.ITestResult)[pri:0, instance:com.focus.testcases.UserRestrictionsTest@5b87ed94]" name="afterMethodExecution" is-config="true" duration-ms="1" started-at="2022-12-28T13:27:44Z" finished-at="2022-12-28T13:27:44Z">
          <params>
            <param index="0">
              <value>
                <![CDATA[[TestResult name=checkMasterInReceipts status=SUCCESS method=UserRestrictionsTest.checkMasterInReceipts()[pri:2020, instance:com.focus.testcases.UserRestrictionsTest@5b87ed94] output=Completed executing following method : UserRestrictionsTest.checkMasterInReceipts]]]>
              </value>
            </param>
          </params>
          <reporter-output>
            <line>
              <![CDATA[Completed executing following method : BaseEngine.afterMethodExecution]]>
            </line>
          </reporter-output>
        </test-method> <!-- afterMethodExecution -->
      </class> <!-- com.focus.testcases.UserRestrictionsTest -->
    </test> <!-- Test -->
  </suite> <!-- Suite -->
</testng-results>
